minimal_test_app.py:9: error: Function is missing a return type annotation  [no-untyped-def]
minimal_test_app.py:13: error: Untyped decorator makes function "add_item" untyped  [misc]
minimal_test_app.py:14: error: Function is missing a return type annotation  [no-untyped-def]
minimal_test_app.py:14: error: Missing type parameters for generic type "dict"  [type-arg]
minimal_test_app.py:19: error: Untyped decorator makes function "read_item" untyped  [misc]
minimal_test_app.py:20: error: Function is missing a return type annotation  [no-untyped-def]
tests/test_notifications.py:11: error: Function is missing a type annotation  [no-untyped-def]
tests/test_notifications.py:15: error: Function is missing a return type annotation  [no-untyped-def]
tests/test_notifications.py:21: error: Function is missing a type annotation  [no-untyped-def]
tests/test_notifications.py:36: error: Function is missing a type annotation  [no-untyped-def]
tests/test_notifications.py:53: error: Function is missing a type annotation  [no-untyped-def]
tests/test_network.py:8: error: Function is missing a return type annotation  [no-untyped-def]
tests/test_network.py:12: error: Function is missing a return type annotation  [no-untyped-def]
tests/test_network.py:25: error: Function is missing a type annotation  [no-untyped-def]
tests/test_network.py:31: error: Function is missing a type annotation  [no-untyped-def]
tests/test_network.py:41: error: Function is missing a type annotation  [no-untyped-def]
tests/test_download.py:13: error: Function is missing a type annotation  [no-untyped-def]
tests/test_download.py:20: error: Function is missing a return type annotation  [no-untyped-def]
tests/test_download.py:36: error: Function is missing a type annotation  [no-untyped-def]
tests/test_download.py:47: error: Function is missing a type annotation  [no-untyped-def]
tests/test_download.py:67: error: Function is missing a type annotation  [no-untyped-def]
tests/test_download.py:86: error: Function is missing a type annotation  [no-untyped-def]
tests/test_download.py:96: error: Function is missing a type annotation  [no-untyped-def]
tests/test_download.py:114: error: Function is missing a type annotation  [no-untyped-def]
tests/test_download.py:123: error: Function is missing a type annotation  [no-untyped-def]
tests/test_download.py:144: error: Function is missing a type annotation  [no-untyped-def]
tests/test_config.py:9: error: Untyped decorator makes function "temp_config_file" untyped  [misc]
tests/test_config.py:10: error: Function is missing a return type annotation  [no-untyped-def]
tests/test_config.py:18: error: Untyped decorator makes function "config_service_override" untyped  [misc]
tests/test_config.py:19: error: Function is missing a return type annotation  [no-untyped-def]
tests/test_config.py:22: error: Function is missing a return type annotation  [no-untyped-def]
tests/test_config.py:33: error: Function is missing a type annotation  [no-untyped-def]
tests/test_config.py:39: error: Function is missing a type annotation  [no-untyped-def]
tests/test_config.py:45: error: Function is missing a type annotation  [no-untyped-def]
tests/test_config.py:54: error: Function is missing a type annotation  [no-untyped-def]
tests/test_config.py:59: error: Function is missing a type annotation  [no-untyped-def]
tests/test_config.py:70: error: Function is missing a type annotation  [no-untyped-def]
tests/test_config.py:78: error: Function is missing a type annotation  [no-untyped-def]
tests/test_config.py:96: error: Function is missing a type annotation  [no-untyped-def]
tests/test_cache.py:8: error: Function is missing a return type annotation  [no-untyped-def]
tests/test_cache.py:12: error: Function is missing a return type annotation  [no-untyped-def]
tests/test_cache.py:25: error: Function is missing a type annotation  [no-untyped-def]
tests/test_cache.py:31: error: Function is missing a type annotation  [no-untyped-def]
tests/test_cache.py:36: error: Function is missing a type annotation  [no-untyped-def]
tests/test_cache.py:56: error: Function is missing a type annotation  [no-untyped-def]
tests/test_cache.py:61: error: Function is missing a type annotation  [no-untyped-def]
tests/conftest.py:16: error: Function is missing a return type annotation  [no-untyped-def]
tests/conftest.py:23: error: Function is missing a return type annotation  [no-untyped-def]
tests/conftest.py:37: error: Class cannot subclass "BaseProvider" (has type "Any")  [misc]
tests/conftest.py:71: error: Function is missing a type annotation  [no-untyped-def]
tests/conftest.py:89: error: Function is missing a return type annotation  [no-untyped-def]
tests/unit/test_user_service.py:7: error: Function is missing a return type annotation  [no-untyped-def]
tests/unit/test_user_service.py:17: error: Function is missing a type annotation  [no-untyped-def]
tests/unit/test_user_service.py:26: error: Function is missing a type annotation  [no-untyped-def]
tests/unit/test_user_service.py:32: error: Function is missing a type annotation  [no-untyped-def]
tests/unit/test_user_service.py:39: error: Function is missing a type annotation  [no-untyped-def]
tests/unit/test_user_service.py:45: error: Function is missing a type annotation  [no-untyped-def]
tests/unit/test_user_service.py:51: error: Function is missing a type annotation  [no-untyped-def]
tests/unit/test_user_service.py:58: error: Function is missing a type annotation  [no-untyped-def]
tests/unit/test_user_service.py:64: error: Function is missing a type annotation  [no-untyped-def]
tests/unit/test_network_service.py:7: error: Function is missing a return type annotation  [no-untyped-def]
tests/unit/test_network_service.py:11: error: Function is missing a type annotation  [no-untyped-def]
tests/unit/test_network_service.py:17: error: Function is missing a type annotation  [no-untyped-def]
tests/unit/test_metadata_service.py:8: error: Function is missing a return type annotation  [no-untyped-def]
tests/unit/test_metadata_service.py:14: error: Function is missing a type annotation  [no-untyped-def]
tests/unit/test_metadata_service.py:20: error: Function is missing a type annotation  [no-untyped-def]
tests/unit/test_metadata_service.py:25: error: Function is missing a type annotation  [no-untyped-def]
tests/unit/test_metadata_service.py:35: error: Function is missing a type annotation  [no-untyped-def]
tests/unit/test_cache_service.py:7: error: Function is missing a return type annotation  [no-untyped-def]
tests/unit/test_cache_service.py:11: error: Function is missing a type annotation  [no-untyped-def]
tests/unit/test_cache_service.py:18: error: Function is missing a type annotation  [no-untyped-def]
tests/unit/test_cache_service.py:24: error: Function is missing a type annotation  [no-untyped-def]
tests/unit/test_cache_service.py:31: error: Function is missing a type annotation  [no-untyped-def]
src/zotify_api/config.py:6: error: Class cannot subclass "BaseSettings" (has type "Any")  [misc]
src/zotify_api/services/search.py:21: error: Returning Any from function declared to return "tuple[list[dict[str, Any]], int]"  [no-any-return]
src/zotify_api/services/search.py:40: error: Returning Any from function declared to return "tuple[list[dict[str, Any]], int]"  [no-any-return]
src/zotify_api/schemas/webhooks.py:6: error: Class cannot subclass "BaseModel" (has type "Any")  [misc]
src/zotify_api/schemas/webhooks.py:15: error: Class cannot subclass "BaseModel" (has type "Any")  [misc]
src/zotify_api/schemas/user.py:6: error: Class cannot subclass "BaseModel" (has type "Any")  [misc]
src/zotify_api/schemas/user.py:11: error: Class cannot subclass "BaseModel" (has type "Any")  [misc]
src/zotify_api/schemas/user.py:16: error: Class cannot subclass "BaseModel" (has type "Any")  [misc]
src/zotify_api/schemas/user.py:21: error: Class cannot subclass "BaseModel" (has type "Any")  [misc]
src/zotify_api/schemas/user.py:27: error: Class cannot subclass "BaseModel" (has type "Any")  [misc]
src/zotify_api/schemas/user.py:31: error: Class cannot subclass "BaseModel" (has type "Any")  [misc]
src/zotify_api/schemas/user.py:35: error: Class cannot subclass "BaseModel" (has type "Any")  [misc]
src/zotify_api/schemas/system.py:4: error: Class cannot subclass "BaseModel" (has type "Any")  [misc]
src/zotify_api/schemas/system.py:9: error: Class cannot subclass "BaseModel" (has type "Any")  [misc]
src/zotify_api/schemas/playlists.py:6: error: Class cannot subclass "BaseModel" (has type "Any")  [misc]
src/zotify_api/schemas/playlists.py:11: error: Class cannot subclass "BaseModel" (has type "Any")  [misc]
src/zotify_api/schemas/playlists.py:17: error: Class cannot subclass "BaseModel" (has type "Any")  [misc]
src/zotify_api/schemas/notifications.py:4: error: Class cannot subclass "BaseModel" (has type "Any")  [misc]
src/zotify_api/schemas/notifications.py:11: error: Class cannot subclass "BaseModel" (has type "Any")  [misc]
src/zotify_api/schemas/notifications.py:16: error: Class cannot subclass "BaseModel" (has type "Any")  [misc]
src/zotify_api/schemas/network.py:6: error: Class cannot subclass "BaseModel" (has type "Any")  [misc]
src/zotify_api/schemas/network.py:12: error: Class cannot subclass "BaseModel" (has type "Any")  [misc]
src/zotify_api/schemas/metadata.py:6: error: Class cannot subclass "BaseModel" (has type "Any")  [misc]
src/zotify_api/schemas/metadata.py:12: error: Class cannot subclass "BaseModel" (has type "Any")  [misc]
src/zotify_api/schemas/metadata.py:19: error: Class cannot subclass "BaseModel" (has type "Any")  [misc]
src/zotify_api/schemas/logging_schemas.py:6: error: Class cannot subclass "BaseModel" (has type "Any")  [misc]
src/zotify_api/schemas/logging_schemas.py:12: error: Class cannot subclass "BaseModel" (has type "Any")  [misc]
src/zotify_api/schemas/generic.py:8: error: Class cannot subclass "BaseModel" (has type "Any")  [misc]
src/zotify_api/schemas/cache.py:6: error: Class cannot subclass "BaseModel" (has type "Any")  [misc]
src/zotify_api/schemas/cache.py:16: error: Class cannot subclass "BaseModel" (has type "Any")  [misc]
src/zotify_api/schemas/auth.py:6: error: Class cannot subclass "BaseModel" (has type "Any")  [misc]
src/zotify_api/schemas/auth.py:13: error: Class cannot subclass "BaseModel" (has type "Any")  [misc]
src/zotify_api/schemas/auth.py:17: error: Class cannot subclass "BaseModel" (has type "Any")  [misc]
src/zotify_api/schemas/auth.py:22: error: Class cannot subclass "BaseModel" (has type "Any")  [misc]
src/zotify_api/schemas/auth.py:26: error: Class cannot subclass "BaseModel" (has type "Any")  [misc]
src/zotify_api/routes/webhooks.py:15: error: Untyped decorator makes function "register_webhook" untyped  [misc]
src/zotify_api/routes/webhooks.py:16: error: Function is missing a return type annotation  [no-untyped-def]
src/zotify_api/routes/webhooks.py:22: error: Function is missing a return type annotation  [no-untyped-def]
src/zotify_api/routes/webhooks.py:27: error: Untyped decorator makes function "unregister_webhook" untyped  [misc]
src/zotify_api/routes/webhooks.py:28: error: Function is missing a return type annotation  [no-untyped-def]
src/zotify_api/routes/webhooks.py:33: error: Untyped decorator makes function "fire_webhook" untyped  [misc]
src/zotify_api/routes/webhooks.py:34: error: Function is missing a return type annotation  [no-untyped-def]
src/zotify_api/routes/user.py:18: error: Untyped decorator makes function "get_user_profile" untyped  [misc]
src/zotify_api/routes/user.py:19: error: Function is missing a return type annotation  [no-untyped-def]
src/zotify_api/routes/user.py:24: error: Untyped decorator makes function "update_user_profile" untyped  [misc]
src/zotify_api/routes/user.py:25: error: Function is missing a return type annotation  [no-untyped-def]
src/zotify_api/routes/user.py:35: error: Untyped decorator makes function "get_user_preferences" untyped  [misc]
src/zotify_api/routes/user.py:36: error: Function is missing a return type annotation  [no-untyped-def]
src/zotify_api/routes/user.py:41: error: Untyped decorator makes function "update_user_preferences" untyped  [misc]
src/zotify_api/routes/user.py:42: error: Function is missing a return type annotation  [no-untyped-def]
src/zotify_api/routes/user.py:52: error: Untyped decorator makes function "get_user_liked" untyped  [misc]
src/zotify_api/routes/user.py:53: error: Function is missing a return type annotation  [no-untyped-def]
src/zotify_api/routes/user.py:58: error: Untyped decorator makes function "sync_user_liked" untyped  [misc]
src/zotify_api/routes/user.py:59: error: Function is missing a return type annotation  [no-untyped-def]
src/zotify_api/routes/user.py:64: error: Untyped decorator makes function "get_user_history" untyped  [misc]
src/zotify_api/routes/user.py:65: error: Function is missing a return type annotation  [no-untyped-def]
src/zotify_api/routes/user.py:70: error: Untyped decorator makes function "delete_user_history" untyped  [misc]
src/zotify_api/routes/user.py:71: error: Function is missing a return type annotation  [no-untyped-def]
src/zotify_api/routes/tracks.py:27: error: Untyped decorator makes function "list_tracks" untyped  [misc]
src/zotify_api/routes/tracks.py:28: error: Function is missing a return type annotation  [no-untyped-def]
src/zotify_api/routes/tracks.py:40: error: Untyped decorator makes function "get_track" untyped  [misc]
src/zotify_api/routes/tracks.py:41: error: Function is missing a return type annotation  [no-untyped-def]
src/zotify_api/routes/tracks.py:48: error: Untyped decorator makes function "create_track" untyped  [misc]
src/zotify_api/routes/tracks.py:54: error: Function is missing a return type annotation  [no-untyped-def]
src/zotify_api/routes/tracks.py:61: error: Untyped decorator makes function "update_track" untyped  [misc]
src/zotify_api/routes/tracks.py:66: error: Function is missing a return type annotation  [no-untyped-def]
src/zotify_api/routes/tracks.py:77: error: Untyped decorator makes function "delete_track" untyped  [misc]
src/zotify_api/routes/tracks.py:80: error: Function is missing a return type annotation  [no-untyped-def]
src/zotify_api/routes/tracks.py:87: error: Untyped decorator makes function "upload_track_cover" untyped  [misc]
src/zotify_api/routes/tracks.py:88: error: Function is missing a return type annotation  [no-untyped-def]
src/zotify_api/routes/tracks.py:100: error: Untyped decorator makes function "get_tracks_metadata" untyped  [misc]
src/zotify_api/routes/tracks.py:105: error: Function is missing a return type annotation  [no-untyped-def]
src/zotify_api/routes/tracks.py:118: error: Untyped decorator makes function "get_track_metadata" untyped  [misc]
src/zotify_api/routes/tracks.py:123: error: Function is missing a return type annotation  [no-untyped-def]
src/zotify_api/routes/tracks.py:134: error: Untyped decorator makes function "patch_track_metadata" untyped  [misc]
src/zotify_api/routes/tracks.py:139: error: Function is missing a return type annotation  [no-untyped-def]
src/zotify_api/routes/sync.py:11: error: Missing type parameters for generic type "Callable"  [type-arg]
src/zotify_api/routes/sync.py:12: error: Returning Any from function declared to return "Callable[..., Any]"  [no-any-return]
src/zotify_api/routes/sync.py:15: error: Untyped decorator makes function "trigger_sync" untyped  [misc]
src/zotify_api/routes/sync.py:16: error: Function is missing a return type annotation  [no-untyped-def]
src/zotify_api/routes/sync.py:18: error: Missing type parameters for generic type "Callable"  [type-arg]
src/zotify_api/routes/search.py:14: error: Function is missing a return type annotation  [no-untyped-def]
src/zotify_api/routes/search.py:21: error: Function is missing a return type annotation  [no-untyped-def]
src/zotify_api/routes/search.py:25: error: Untyped decorator makes function "search" untyped  [misc]
src/zotify_api/routes/search.py:26: error: Function is missing a return type annotation  [no-untyped-def]
src/zotify_api/routes/playlists.py:15: error: Untyped decorator makes function "list_playlists" untyped  [misc]
src/zotify_api/routes/playlists.py:16: error: Function is missing a return type annotation  [no-untyped-def]
src/zotify_api/routes/playlists.py:31: error: Untyped decorator makes function "create_new_playlist" untyped  [misc]
src/zotify_api/routes/playlists.py:32: error: Function is missing a return type annotation  [no-untyped-def]
src/zotify_api/routes/notifications.py:20: error: Untyped decorator makes function "create_notification" untyped  [misc]
src/zotify_api/routes/notifications.py:25: error: Function is missing a return type annotation  [no-untyped-def]
src/zotify_api/routes/notifications.py:35: error: Untyped decorator makes function "get_notifications" untyped  [misc]
src/zotify_api/routes/notifications.py:36: error: Function is missing a return type annotation  [no-untyped-def]
src/zotify_api/routes/notifications.py:44: error: Untyped decorator makes function "mark_notification_as_read" untyped  [misc]
src/zotify_api/routes/notifications.py:49: error: Function is missing a return type annotation  [no-untyped-def]
src/zotify_api/routes/network.py:11: error: Untyped decorator makes function "get_network" untyped  [misc]
src/zotify_api/routes/network.py:12: error: Function is missing a return type annotation  [no-untyped-def]
src/zotify_api/routes/network.py:17: error: Untyped decorator makes function "update_network" untyped  [misc]
src/zotify_api/routes/network.py:22: error: Function is missing a return type annotation  [no-untyped-def]
src/zotify_api/routes/downloads.py:16: error: Class cannot subclass "BaseModel" (has type "Any")  [misc]
src/zotify_api/routes/downloads.py:20: error: Untyped decorator makes function "download" untyped  [misc]
src/zotify_api/routes/downloads.py:21: error: Function is missing a return type annotation  [no-untyped-def]
src/zotify_api/routes/downloads.py:31: error: Untyped decorator makes function "get_download_queue_status" untyped  [misc]
src/zotify_api/routes/downloads.py:32: error: Function is missing a return type annotation  [no-untyped-def]
src/zotify_api/routes/downloads.py:38: error: Untyped decorator makes function "retry_failed_downloads" untyped  [misc]
src/zotify_api/routes/downloads.py:39: error: Function is missing a return type annotation  [no-untyped-def]
src/zotify_api/routes/downloads.py:46: error: Untyped decorator makes function "process_job" untyped  [misc]
src/zotify_api/routes/downloads.py:47: error: Function is missing a return type annotation  [no-untyped-def]
src/zotify_api/routes/config.py:11: error: Untyped decorator makes function "get_config" untyped  [misc]
src/zotify_api/routes/config.py:12: error: Function is missing a return type annotation  [no-untyped-def]
src/zotify_api/routes/config.py:17: error: Untyped decorator makes function "update_config" untyped  [misc]
src/zotify_api/routes/config.py:22: error: Function is missing a return type annotation  [no-untyped-def]
src/zotify_api/routes/config.py:29: error: Untyped decorator makes function "reset_config" untyped  [misc]
src/zotify_api/routes/config.py:34: error: Function is missing a return type annotation  [no-untyped-def]
src/zotify_api/routes/cache.py:11: error: Untyped decorator makes function "get_cache" untyped  [misc]
src/zotify_api/routes/cache.py:18: error: Function is missing a return type annotation  [no-untyped-def]
src/zotify_api/routes/cache.py:22: error: Untyped decorator makes function "clear_cache" untyped  [misc]
src/zotify_api/routes/cache.py:30: error: Function is missing a return type annotation  [no-untyped-def]
src/zotify_api/models/sync.py:4: error: Class cannot subclass "BaseModel" (has type "Any")  [misc]
src/zotify_api/models/config_models.py:6: error: Class cannot subclass "BaseModel" (has type "Any")  [misc]
src/zotify_api/models/config_models.py:12: error: Class cannot subclass "BaseModel" (has type "Any")  [misc]
src/zotify_api/database/session.py:25: error: Function is missing a return type annotation  [no-untyped-def]
src/zotify_api/core/logging_handlers/base.py:18: error: Function is missing a return type annotation  [no-untyped-def]
src/zotify_api/core/logging_framework/schemas.py:6: error: Class cannot subclass "BaseModel" (has type "Any")  [misc]
src/zotify_api/core/logging_framework/schemas.py:10: error: Invalid type comment or annotation  [valid-type]
src/zotify_api/core/logging_framework/schemas.py:10: note: Suggestion: use constr[...] instead of constr(...)
src/zotify_api/core/logging_framework/schemas.py:49: error: Class cannot subclass "BaseModel" (has type "Any")  [misc]
src/zotify_api/core/logging_framework/schemas.py:58: error: Missing type parameters for generic type "dict"  [type-arg]
src/zotify_api/core/logging_framework/schemas.py:61: error: Function is missing a type annotation  [no-untyped-def]
src/zotify_api/core/logging_framework/schemas.py:70: error: Class cannot subclass "BaseModel" (has type "Any")  [misc]
src/zotify_api/core/logging_framework/schemas.py:81: error: Class cannot subclass "BaseModel" (has type "Any")  [misc]
src/zotify_api/core/error_handler/config.py:6: error: Class cannot subclass "BaseModel" (has type "Any")  [misc]
src/zotify_api/core/error_handler/config.py:15: error: Class cannot subclass "BaseModel" (has type "Any")  [misc]
src/zotify_api/core/error_handler/config.py:24: error: Class cannot subclass "BaseModel" (has type "Any")  [misc]
src/zotify_api/core/error_handler/actions/log_critical.py:6: error: Function is missing a return type annotation  [no-untyped-def]
test_minimal_app.py:8: error: Function is missing a return type annotation  [no-untyped-def]
test_minimal_app.py:8: note: Use "-> None" if function does not return a value
test_minimal_app.py:14: error: Function is missing a return type annotation  [no-untyped-def]
test_minimal_app.py:14: note: Use "-> None" if function does not return a value
test_minimal_app.py:26: error: Function is missing a return type annotation  [no-untyped-def]
test_minimal_app.py:26: note: Use "-> None" if function does not return a value
tests/test_tracks.py:12: error: Function is missing a type annotation  [no-untyped-def]
tests/test_tracks.py:23: error: Function is missing a type annotation  [no-untyped-def]
tests/test_tracks.py:33: error: Function is missing a type annotation  [no-untyped-def]
tests/test_tracks.py:50: error: Function is missing a type annotation  [no-untyped-def]
tests/test_tracks.py:57: error: Function is missing a type annotation  [no-untyped-def]
tests/test_tracks.py:95: error: Function is missing a type annotation  [no-untyped-def]
tests/test_tracks.py:104: error: Function is missing a type annotation  [no-untyped-def]
tests/test_tracks.py:115: error: Function is missing a type annotation  [no-untyped-def]
tests/test_tracks.py:124: error: Function is missing a type annotation  [no-untyped-def]
tests/test_tracks.py:139: error: Function is missing a type annotation  [no-untyped-def]
tests/test_tracks.py:145: error: Function is missing a type annotation  [no-untyped-def]
tests/test_tracks.py:156: error: Function is missing a type annotation  [no-untyped-def]
tests/test_system.py:10: error: Function is missing a type annotation  [no-untyped-def]
tests/test_system.py:16: error: Function is missing a type annotation  [no-untyped-def]
tests/test_system.py:22: error: Function is missing a type annotation  [no-untyped-def]
tests/test_system.py:28: error: Function is missing a type annotation  [no-untyped-def]
tests/test_system.py:34: error: Function is missing a type annotation  [no-untyped-def]
tests/test_system.py:40: error: Function is missing a type annotation  [no-untyped-def]
tests/test_system.py:50: error: Function is missing a type annotation  [no-untyped-def]
tests/test_system.py:60: error: Function is missing a return type annotation  [no-untyped-def]
tests/test_system.py:60: note: Use "-> None" if function does not return a value
tests/test_system.py:72: error: Function is missing a type annotation  [no-untyped-def]
tests/test_system.py:87: error: Function is missing a type annotation  [no-untyped-def]
tests/test_system.py:97: error: Function is missing a type annotation  [no-untyped-def]
tests/test_system.py:110: error: Function is missing a type annotation  [no-untyped-def]
tests/test_playlists.py:11: error: Function is missing a return type annotation  [no-untyped-def]
tests/test_playlists.py:11: note: Use "-> None" if function does not return a value
tests/test_playlists.py:21: error: Function is missing a return type annotation  [no-untyped-def]
tests/test_playlists.py:35: error: Function is missing a return type annotation  [no-untyped-def]
tests/test_playlists.py:35: note: Use "-> None" if function does not return a value
tests/test_playlists.py:40: error: Function is missing a return type annotation  [no-untyped-def]
tests/test_playlists.py:41: error: Function is missing a return type annotation  [no-untyped-def]
tests/test_playlists.py:43: error: Function is missing a return type annotation  [no-untyped-def]
tests/test_playlists.py:43: note: Use "-> None" if function does not return a value
tests/test_playlists.py:48: error: Call to untyped function "broken_engine" in typed context  [no-untyped-call]
tests/test_playlists.py:54: error: Function is missing a return type annotation  [no-untyped-def]
tests/unit/test_webhooks.py:12: error: Function is missing a type annotation  [no-untyped-def]
tests/unit/test_webhooks.py:17: error: Function is missing a type annotation  [no-untyped-def]
tests/unit/test_webhooks.py:27: error: Function is missing a type annotation  [no-untyped-def]
tests/unit/test_webhooks.py:37: error: Function is missing a return type annotation  [no-untyped-def]
tests/unit/test_webhooks.py:37: note: Use "-> None" if function does not return a value
tests/unit/test_webhooks.py:43: error: Function is missing a return type annotation  [no-untyped-def]
tests/unit/test_webhooks.py:43: note: Use "-> None" if function does not return a value
tests/unit/test_webhooks.py:59: error: Function is missing a type annotation  [no-untyped-def]
tests/unit/test_tracks_service.py:8: error: Function is missing a return type annotation  [no-untyped-def]
tests/unit/test_tracks_service.py:8: note: Use "-> None" if function does not return a value
tests/unit/test_tracks_service.py:14: error: Function is missing a return type annotation  [no-untyped-def]
tests/unit/test_tracks_service.py:14: note: Use "-> None" if function does not return a value
tests/unit/test_tracks_service.py:32: error: Function is missing a return type annotation  [no-untyped-def]
tests/unit/test_tracks_service.py:32: note: Use "-> None" if function does not return a value
tests/unit/test_tracks_service.py:40: error: Function is missing a return type annotation  [no-untyped-def]
tests/unit/test_tracks_service.py:40: note: Use "-> None" if function does not return a value
tests/unit/test_tracks_service.py:48: error: Function is missing a type annotation  [no-untyped-def]
tests/unit/test_tracks_service.py:63: error: Function is missing a return type annotation  [no-untyped-def]
tests/unit/test_tracks_service.py:63: note: Use "-> None" if function does not return a value
tests/unit/test_tracks_service.py:68: error: Function is missing a return type annotation  [no-untyped-def]
tests/unit/test_tracks_service.py:68: note: Use "-> None" if function does not return a value
tests/unit/test_tracks_service.py:81: error: Function is missing a return type annotation  [no-untyped-def]
tests/unit/test_tracks_service.py:81: note: Use "-> None" if function does not return a value
tests/unit/test_tracks_service.py:88: error: Function is missing a return type annotation  [no-untyped-def]
tests/unit/test_tracks_service.py:88: note: Use "-> None" if function does not return a value
tests/unit/test_tracks_service.py:104: error: Function is missing a return type annotation  [no-untyped-def]
tests/unit/test_tracks_service.py:104: note: Use "-> None" if function does not return a value
tests/unit/test_tracks_service.py:118: error: Function is missing a return type annotation  [no-untyped-def]
tests/unit/test_tracks_service.py:118: note: Use "-> None" if function does not return a value
tests/unit/test_tracks_service.py:130: error: Function is missing a return type annotation  [no-untyped-def]
tests/unit/test_tracks_service.py:130: note: Use "-> None" if function does not return a value
tests/unit/test_tracks_service.py:138: error: Function is missing a return type annotation  [no-untyped-def]
tests/unit/test_tracks_service.py:138: note: Use "-> None" if function does not return a value
tests/unit/test_tracks_service.py:145: error: Function is missing a return type annotation  [no-untyped-def]
tests/unit/test_tracks_service.py:145: note: Use "-> None" if function does not return a value
tests/unit/test_tracks_service.py:152: error: Function is missing a return type annotation  [no-untyped-def]
tests/unit/test_tracks_service.py:152: note: Use "-> None" if function does not return a value
tests/unit/test_sync.py:11: error: Function is missing a type annotation  [no-untyped-def]
tests/unit/test_sync.py:17: error: Function is missing a type annotation  [no-untyped-def]
tests/unit/test_sync.py:21: error: Function is missing a return type annotation  [no-untyped-def]
tests/unit/test_sync.py:35: error: Function is missing a type annotation  [no-untyped-def]
tests/unit/test_sync.py:39: error: Function is missing a return type annotation  [no-untyped-def]
tests/unit/test_spoti_client.py:11: error: Function is missing a return type annotation  [no-untyped-def]
tests/unit/test_spoti_client.py:11: note: Use "-> None" if function does not return a value
tests/unit/test_spoti_client.py:43: error: Function is missing a return type annotation  [no-untyped-def]
tests/unit/test_spoti_client.py:43: note: Use "-> None" if function does not return a value
tests/unit/test_spoti_client.py:65: error: Function is missing a return type annotation  [no-untyped-def]
tests/unit/test_spoti_client.py:65: note: Use "-> None" if function does not return a value
tests/unit/test_spoti_client.py:76: error: Function is missing a return type annotation  [no-untyped-def]
tests/unit/test_spoti_client.py:76: note: Use "-> None" if function does not return a value
tests/unit/test_spoti_client.py:98: error: Function is missing a return type annotation  [no-untyped-def]
tests/unit/test_spoti_client.py:98: note: Use "-> None" if function does not return a value
tests/unit/test_spoti_client.py:120: error: Function is missing a return type annotation  [no-untyped-def]
tests/unit/test_spoti_client.py:120: note: Use "-> None" if function does not return a value
tests/unit/test_spoti_client.py:140: error: Function is missing a return type annotation  [no-untyped-def]
tests/unit/test_spoti_client.py:140: note: Use "-> None" if function does not return a value
tests/unit/test_spoti_client.py:162: error: Function is missing a return type annotation  [no-untyped-def]
tests/unit/test_spoti_client.py:162: note: Use "-> None" if function does not return a value
tests/unit/test_spoti_client.py:181: error: Function is missing a return type annotation  [no-untyped-def]
tests/unit/test_spoti_client.py:181: note: Use "-> None" if function does not return a value
tests/unit/test_spoti_client.py:196: error: Function is missing a return type annotation  [no-untyped-def]
tests/unit/test_spoti_client.py:196: note: Use "-> None" if function does not return a value
tests/unit/test_spoti_client.py:209: error: Function is missing a return type annotation  [no-untyped-def]
tests/unit/test_spoti_client.py:209: note: Use "-> None" if function does not return a value
tests/unit/test_spoti_client.py:234: error: Function is missing a return type annotation  [no-untyped-def]
tests/unit/test_spoti_client.py:234: note: Use "-> None" if function does not return a value
tests/unit/test_search.py:9: error: Function is missing a type annotation  [no-untyped-def]
tests/unit/test_search.py:22: error: Function is missing a type annotation  [no-untyped-def]
tests/unit/test_search.py:58: error: Function is missing a type annotation  [no-untyped-def]
tests/unit/test_search.py:89: error: Function is missing a type annotation  [no-untyped-def]
tests/unit/test_playlists_service.py:12: error: Function is missing a return type annotation  [no-untyped-def]
tests/unit/test_playlists_service.py:16: error: Function is missing a return type annotation  [no-untyped-def]
tests/unit/test_playlists_service.py:16: note: Use "-> None" if function does not return a value
tests/unit/test_playlists_service.py:23: error: Function is missing a type annotation  [no-untyped-def]
tests/unit/test_playlists_service.py:35: error: Function is missing a type annotation  [no-untyped-def]
tests/unit/test_playlists_service.py:47: error: Function is missing a return type annotation  [no-untyped-def]
tests/unit/test_playlists_service.py:47: note: Use "-> None" if function does not return a value
tests/unit/test_playlists_service.py:53: error: Function is missing a type annotation  [no-untyped-def]
tests/unit/test_playlists_service.py:62: error: Function is missing a type annotation  [no-untyped-def]
tests/unit/test_playlists_service.py:69: error: Function is missing a type annotation  [no-untyped-def]
tests/unit/test_playlists_service.py:76: error: Function is missing a return type annotation  [no-untyped-def]
tests/unit/test_playlists_service.py:76: note: Use "-> None" if function does not return a value
tests/unit/test_playlists_service.py:87: error: Function is missing a return type annotation  [no-untyped-def]
tests/unit/test_playlists_service.py:87: note: Use "-> None" if function does not return a value
tests/unit/test_playlists_service.py:93: error: Function is missing a return type annotation  [no-untyped-def]
tests/unit/test_playlists_service.py:96: error: Function is missing a return type annotation  [no-untyped-def]
tests/unit/test_playlists_service.py:99: error: Call to untyped function "mock_get_db_engine" in typed context  [no-untyped-call]
tests/unit/test_notifications_service.py:9: error: Function is missing a return type annotation  [no-untyped-def]
tests/unit/test_notifications_service.py:13: error: Function is missing a type annotation  [no-untyped-def]
tests/unit/test_notifications_service.py:21: error: Function is missing a type annotation  [no-untyped-def]
tests/unit/test_notifications_service.py:27: error: Function is missing a type annotation  [no-untyped-def]
tests/unit/test_logging_config.py:7: error: Function is missing a type annotation  [no-untyped-def]
tests/unit/test_error_handler_actions.py:6: error: Function is missing a return type annotation  [no-untyped-def]
tests/unit/test_error_handler_actions.py:6: note: Use "-> None" if function does not return a value
tests/unit/test_error_handler_actions.py:17: error: Function is missing a return type annotation  [no-untyped-def]
tests/unit/test_error_handler_actions.py:17: note: Use "-> None" if function does not return a value
tests/unit/test_error_handler_actions.py:31: error: Function is missing a return type annotation  [no-untyped-def]
tests/unit/test_error_handler_actions.py:31: note: Use "-> None" if function does not return a value
tests/unit/test_crud.py:11: error: Function is missing a return type annotation  [no-untyped-def]
tests/unit/test_crud.py:24: error: Function is missing a type annotation  [no-untyped-def]
tests/unit/test_crud.py:36: error: Function is missing a type annotation  [no-untyped-def]
tests/unit/test_crud.py:42: error: Function is missing a type annotation  [no-untyped-def]
tests/unit/test_crud.py:57: error: Function is missing a type annotation  [no-untyped-def]
tests/unit/test_crud.py:72: error: Function is missing a type annotation  [no-untyped-def]
tests/unit/test_crud.py:84: error: Function is missing a type annotation  [no-untyped-def]
tests/unit/test_crud.py:91: error: Function is missing a type annotation  [no-untyped-def]
tests/unit/test_crud.py:99: error: Function is missing a type annotation  [no-untyped-def]
tests/unit/test_crud.py:105: error: Function is missing a type annotation  [no-untyped-def]
tests/unit/test_crud.py:111: error: Function is missing a type annotation  [no-untyped-def]
tests/unit/test_crud.py:118: error: Function is missing a type annotation  [no-untyped-def]
tests/unit/test_crud.py:129: error: Function is missing a type annotation  [no-untyped-def]
tests/unit/test_crud.py:137: error: Function is missing a type annotation  [no-untyped-def]
tests/unit/test_crud.py:145: error: Function is missing a type annotation  [no-untyped-def]
tests/unit/test_crud.py:155: error: Function is missing a type annotation  [no-untyped-def]
tests/unit/test_crud.py:170: error: Function is missing a type annotation  [no-untyped-def]
tests/unit/providers/test_spotify_connector.py:12: error: Function is missing a type annotation  [no-untyped-def]
tests/unit/providers/test_spotify_connector.py:50: error: Function is missing a return type annotation  [no-untyped-def]
tests/unit/providers/test_spotify_connector.py:50: note: Use "-> None" if function does not return a value
tests/unit/providers/test_spotify_connector.py:64: error: Function is missing a type annotation  [no-untyped-def]
tests/unit/providers/test_spotify_connector.py:76: error: Function is missing a return type annotation  [no-untyped-def]
tests/unit/providers/test_spotify_connector.py:76: note: Use "-> None" if function does not return a value
tests/unit/providers/test_spotify_connector.py:86: error: Function is missing a return type annotation  [no-untyped-def]
tests/unit/providers/test_spotify_connector.py:86: note: Use "-> None" if function does not return a value
tests/unit/providers/test_spotify_connector.py:93: error: Function is missing a return type annotation  [no-untyped-def]
tests/unit/providers/test_spotify_connector.py:93: note: Use "-> None" if function does not return a value
tests/unit/providers/test_spotify_connector.py:102: error: Function is missing a return type annotation  [no-untyped-def]
tests/unit/providers/test_spotify_connector.py:102: note: Use "-> None" if function does not return a value
tests/unit/providers/test_spotify_connector.py:109: error: Function is missing a return type annotation  [no-untyped-def]
tests/unit/providers/test_spotify_connector.py:109: note: Use "-> None" if function does not return a value
tests/unit/providers/test_spotify_connector.py:118: error: Function is missing a return type annotation  [no-untyped-def]
tests/unit/providers/test_spotify_connector.py:118: note: Use "-> None" if function does not return a value
tests/unit/providers/test_spotify_connector.py:126: error: Function is missing a type annotation  [no-untyped-def]
tests/unit/providers/test_spotify_connector.py:144: error: Function is missing a return type annotation  [no-untyped-def]
tests/unit/providers/test_spotify_connector.py:144: note: Use "-> None" if function does not return a value
src/zotify_api/services/download_service.py:82: error: Returning Any from function declared to return "int"  [no-any-return]
src/zotify_api/middleware/request_id.py:9: error: Class cannot subclass "BaseHTTPMiddleware" (has type "Any")  [misc]
src/zotify_api/middleware/request_id.py:13: error: Function is missing a type annotation for one or more arguments  [no-untyped-def]
src/zotify_api/database/models.py:30: error: Class cannot subclass "Base" (has type "Any")  [misc]
src/zotify_api/database/models.py:39: error: Class cannot subclass "Base" (has type "Any")  [misc]
src/zotify_api/database/models.py:49: error: Class cannot subclass "Base" (has type "Any")  [misc]
src/zotify_api/database/models.py:58: error: Class cannot subclass "Base" (has type "Any")  [misc]
src/zotify_api/database/models.py:67: error: Class cannot subclass "Base" (has type "Any")  [misc]
src/zotify_api/database/models.py:77: error: Class cannot subclass "Base" (has type "Any")  [misc]
route_audit.py:4: error: Function is missing a type annotation  [no-untyped-def]
route_audit.py:33: error: Call to untyped function "summarize_routes" in typed context  [no-untyped-call]
tests/test_user.py:13: error: Function is missing a type annotation  [no-untyped-def]
tests/test_user.py:19: error: Need type annotation for "notifications" (hint: "notifications: list[<type>] = ...")  [var-annotated]
tests/test_user.py:21: error: Function is missing a return type annotation  [no-untyped-def]
tests/test_user.py:47: error: Function is missing a type annotation  [no-untyped-def]
tests/test_user.py:55: error: Function is missing a type annotation  [no-untyped-def]
tests/test_user.py:63: error: Function is missing a type annotation  [no-untyped-def]
tests/test_user.py:71: error: Function is missing a type annotation  [no-untyped-def]
tests/test_user.py:79: error: Function is missing a type annotation  [no-untyped-def]
tests/test_user.py:86: error: Function is missing a type annotation  [no-untyped-def]
tests/test_user.py:95: error: Function is missing a type annotation  [no-untyped-def]
tests/test_user.py:103: error: Function is missing a type annotation  [no-untyped-def]
tests/unit/test_deps.py:13: error: Function is missing a return type annotation  [no-untyped-def]
tests/unit/test_deps.py:13: note: Use "-> None" if function does not return a value
tests/unit/test_deps.py:20: error: Function is missing a type annotation  [no-untyped-def]
tests/unit/test_deps.py:35: error: Function is missing a type annotation  [no-untyped-def]
tests/unit/test_deps.py:49: error: Function is missing a type annotation  [no-untyped-def]
tests/unit/test_deps.py:76: error: Function is missing a type annotation  [no-untyped-def]
tests/unit/test_deps.py:91: error: Function is missing a return type annotation  [no-untyped-def]
tests/unit/test_deps.py:91: note: Use "-> None" if function does not return a value
tests/unit/test_deps.py:97: error: Function is missing a return type annotation  [no-untyped-def]
tests/unit/test_deps.py:97: note: Use "-> None" if function does not return a value
tests/unit/test_deps.py:105: error: Function is missing a return type annotation  [no-untyped-def]
tests/unit/test_deps.py:105: note: Use "-> None" if function does not return a value
tests/unit/test_auth.py:16: error: Function is missing a type annotation  [no-untyped-def]
tests/unit/test_auth.py:23: error: Function is missing a type annotation  [no-untyped-def]
tests/unit/test_auth.py:33: error: Function is missing a type annotation  [no-untyped-def]
tests/unit/test_auth.py:38: error: Function is missing a type annotation  [no-untyped-def]
tests/unit/test_auth.py:46: error: Function is missing a return type annotation  [no-untyped-def]
tests/unit/test_auth.py:67: error: Function is missing a type annotation  [no-untyped-def]
tests/unit/test_auth.py:78: error: Function is missing a type annotation  [no-untyped-def]
tests/unit/test_auth.py:83: error: Call to untyped function "MockToken" in typed context  [no-untyped-call]
tests/unit/test_auth.py:96: error: Function is missing a type annotation  [no-untyped-def]
tests/unit/test_auth.py:103: error: Function is missing a type annotation  [no-untyped-def]
tests/unit/test_auth.py:108: error: Call to untyped function "MockToken" in typed context  [no-untyped-call]
tests/unit/test_auth.py:124: error: Function is missing a type annotation  [no-untyped-def]
tests/unit/test_auth.py:144: error: Function is missing a type annotation  [no-untyped-def]
tests/unit/test_auth.py:155: error: Function is missing a type annotation  [no-untyped-def]
tests/unit/test_auth.py:164: error: Function is missing a type annotation  [no-untyped-def]
tests/unit/test_auth.py:183: error: Function is missing a type annotation  [no-untyped-def]
tests/unit/test_auth.py:207: error: Function is missing a type annotation  [no-untyped-def]
src/zotify_api/services/config_service.py:34: error: Returning Any from function declared to return "dict[str, Any]"  [no-any-return]
src/zotify_api/services/config_service.py:37: error: Function is missing a return type annotation  [no-untyped-def]
src/zotify_api/services/config_service.py:37: note: Use "-> None" if function does not return a value
src/zotify_api/services/config_service.py:49: error: Call to untyped function "_save_config" in typed context  [no-untyped-call]
src/zotify_api/services/config_service.py:54: error: Call to untyped function "_save_config" in typed context  [no-untyped-call]
src/zotify_api/services/config_service.py:58: error: Function is missing a return type annotation  [no-untyped-def]
src/zotify_api/schemas/tracks.py:7: error: Class cannot subclass "BaseModel" (has type "Any")  [misc]
src/zotify_api/schemas/tracks.py:15: error: Class cannot subclass "BaseModel" (has type "Any")  [misc]
src/zotify_api/schemas/tracks.py:23: error: Class cannot subclass "BaseModel" (has type "Any")  [misc]
src/zotify_api/schemas/tracks.py:34: error: Class cannot subclass "BaseModel" (has type "Any")  [misc]
src/zotify_api/schemas/tracks.py:38: error: Class cannot subclass "BaseModel" (has type "Any")  [misc]
src/zotify_api/schemas/download.py:18: error: Class cannot subclass "BaseModel" (has type "Any")  [misc]
src/zotify_api/schemas/download.py:29: error: Class cannot subclass "BaseModel" (has type "Any")  [misc]
src/zotify_api/schemas/download.py:52: error: Class cannot subclass "BaseModel" (has type "Any")  [misc]
src/zotify_api/database/crud.py:29: error: Returning Any from function declared to return "DownloadJob | None"  [no-any-return]
src/zotify_api/database/crud.py:34: error: Function is missing a return type annotation  [no-untyped-def]
src/zotify_api/database/crud.py:49: error: Returning Any from function declared to return "DownloadJob | None"  [no-any-return]
src/zotify_api/database/crud.py:86: error: Returning Any from function declared to return "int"  [no-any-return]
src/zotify_api/database/crud.py:104: error: Returning Any from function declared to return "Track"  [no-any-return]
src/zotify_api/database/crud.py:128: error: Returning Any from function declared to return "Playlist"  [no-any-return]
src/zotify_api/database/crud.py:131: error: Function is missing a return type annotation  [no-untyped-def]
src/zotify_api/database/crud.py:148: error: Returning Any from function declared to return "SpotifyToken | None"  [no-any-return]
src/zotify_api/database/crud.py:175: error: Function is missing a return type annotation  [no-untyped-def]
tests/unit/test_error_handler.py:18: error: Function is missing a type annotation  [no-untyped-def]
tests/unit/test_error_handler.py:23: error: Function is missing a type annotation  [no-untyped-def]
tests/unit/test_error_handler.py:33: error: Function is missing a return type annotation  [no-untyped-def]
tests/unit/test_error_handler.py:34: error: Call to untyped function "MockLogger" in typed context  [no-untyped-call]
tests/unit/test_error_handler.py:38: error: Function is missing a return type annotation  [no-untyped-def]
tests/unit/test_error_handler.py:45: error: Function is missing a return type annotation  [no-untyped-def]
tests/unit/test_error_handler.py:45: note: Use "-> None" if function does not return a value
tests/unit/test_error_handler.py:54: error: Function is missing a type annotation  [no-untyped-def]
tests/unit/test_error_handler.py:64: error: Function is missing a return type annotation  [no-untyped-def]
tests/unit/test_error_handler.py:64: note: Use "-> None" if function does not return a value
tests/unit/test_error_handler.py:71: error: Function is missing a type annotation  [no-untyped-def]
tests/unit/test_error_handler.py:82: error: Function is missing a type annotation  [no-untyped-def]
tests/unit/test_error_handler.py:106: error: Function is missing a type annotation  [no-untyped-def]
tests/unit/test_error_handler.py:125: error: Function is missing a type annotation  [no-untyped-def]
src/zotify_api/auth_state.py:24: error: Need type annotation for "pending_states" (hint: "pending_states: dict[<type>, <type>] = ...")  [var-annotated]
src/zotify_api/services/webhooks.py:9: error: Missing type parameters for generic type "dict"  [type-arg]
src/zotify_api/services/webhooks.py:12: error: Function is missing a return type annotation  [no-untyped-def]
src/zotify_api/services/webhooks.py:12: error: Missing type parameters for generic type "dict"  [type-arg]
src/zotify_api/services/webhooks.py:14: error: "dict[Any, Any]" has no attribute "model_dump"  [attr-defined]
src/zotify_api/services/webhooks.py:19: error: Function is missing a return type annotation  [no-untyped-def]
src/zotify_api/services/webhooks.py:23: error: Function is missing a return type annotation  [no-untyped-def]
src/zotify_api/services/webhooks.py:28: error: Function is missing a return type annotation  [no-untyped-def]
src/zotify_api/services/webhooks.py:28: error: Missing type parameters for generic type "dict"  [type-arg]
src/zotify_api/services/webhooks.py:29: error: Call to untyped function "list_hooks" in typed context  [no-untyped-call]
src/zotify_api/services/user_service.py:116: error: Argument "user_profile" to "UserService" has incompatible type "Collection[str]"; expected "dict[str, Any]"  [arg-type]
src/zotify_api/services/user_service.py:117: error: Argument "user_liked" to "UserService" has incompatible type "Collection[str]"; expected "list[str]"  [arg-type]
src/zotify_api/services/user_service.py:118: error: Argument "user_history" to "UserService" has incompatible type "Collection[str]"; expected "list[str]"  [arg-type]
src/zotify_api/services/user_service.py:119: error: Argument "user_preferences" to "UserService" has incompatible type "Collection[str]"; expected "dict[str, Any]"  [arg-type]
src/zotify_api/services/user_service.py:120: error: Argument "notifications" to "UserService" has incompatible type "Collection[str]"; expected "list[dict[str, Any]]"  [arg-type]
src/zotify_api/services/tracks_service.py:16: error: Missing type parameters for generic type "Dict"  [type-arg]
src/zotify_api/services/tracks_service.py:50: error: Missing type parameters for generic type "Dict"  [type-arg]
src/zotify_api/services/tracks_service.py:73: error: Missing type parameters for generic type "Dict"  [type-arg]
src/zotify_api/services/tracks_service.py:100: error: Missing type parameters for generic type "Dict"  [type-arg]
src/zotify_api/services/tracks_service.py:124: error: Incompatible return value type (got "dict[Any, Any] | None", expected "dict[Any, Any]")  [return-value]
src/zotify_api/services/tracks_service.py:152: error: Missing type parameters for generic type "Dict"  [type-arg]
src/zotify_api/services/tracks_service.py:156: error: Missing type parameters for generic type "Dict"  [type-arg]
src/zotify_api/services/tracks_service.py:189: error: Returning Any from function declared to return "list[dict[str, Any]]"  [no-any-return]
src/zotify_api/services/spoti_client.py:25: error: Function is missing a type annotation for one or more arguments  [no-untyped-def]
src/zotify_api/services/playlists_service.py:21: error: Function is missing a type annotation  [no-untyped-def]
src/zotify_api/services/playlists_service.py:51: error: Missing type parameters for generic type "Dict"  [type-arg]
src/zotify_api/services/playlists_service.py:84: error: Missing type parameters for generic type "Dict"  [type-arg]
src/zotify_api/services/playlists_service.py:104: error: Function is missing a return type annotation  [no-untyped-def]
src/zotify_api/services/playlists_service.py:104: error: Function "builtins.any" is not valid as a type  [valid-type]
src/zotify_api/services/playlists_service.py:104: note: Perhaps you meant "typing.Any" instead of "any"?
src/zotify_api/services/playlists_service.py:105: error: Call to untyped function "PlaylistsService" in typed context  [no-untyped-call]
src/zotify_api/services/notifications_service.py:29: error: Returning Any from function declared to return "list[dict[str, Any]]"  [no-any-return]
src/zotify_api/services/deps.py:17: error: Function is missing a return type annotation  [no-untyped-def]
src/zotify_api/services/auth.py:24: error: Function is missing a return type annotation  [no-untyped-def]
src/zotify_api/services/auth.py:24: error: Function is missing a type annotation for one or more arguments  [no-untyped-def]
src/zotify_api/core/logging_handlers/json_audit_handler.py:41: error: Function is missing a return type annotation  [no-untyped-def]
src/zotify_api/core/logging_handlers/database_job_handler.py:24: error: Function is missing a return type annotation  [no-untyped-def]
src/zotify_api/core/logging_handlers/console_handler.py:30: error: Function is missing a return type annotation  [no-untyped-def]
src/zotify_api/core/error_handler/actions/webhook.py:7: error: Function is missing a return type annotation  [no-untyped-def]
tests/unit/test_new_logging_system.py:28: error: Function is missing a type annotation  [no-untyped-def]
tests/unit/test_new_logging_system.py:37: error: Function is missing a type annotation  [no-untyped-def]
tests/unit/test_new_logging_system.py:62: error: Function is missing a type annotation  [no-untyped-def]
tests/unit/test_new_logging_system.py:74: error: Function is missing a type annotation  [no-untyped-def]
tests/unit/test_new_logging_system.py:99: error: Function is missing a type annotation  [no-untyped-def]
tests/unit/test_new_logging_system.py:111: error: Function is missing a type annotation  [no-untyped-def]
tests/unit/test_new_logging_system.py:131: error: Function is missing a type annotation  [no-untyped-def]
tests/unit/test_new_logging_system.py:140: error: Function is missing a return type annotation  [no-untyped-def]
src/zotify_api/main.py:105: error: Untyped decorator makes function "startup_event" untyped  [misc]
src/zotify_api/main.py:139: error: Untyped decorator makes function "ping" untyped  [misc]
src/zotify_api/main.py:144: error: Untyped decorator makes function "health_check" untyped  [misc]
src/zotify_api/main.py:149: error: Untyped decorator makes function "get_open_api_endpoint" untyped  [misc]
src/zotify_api/main.py:151: error: Returning Any from function declared to return "dict[str, Any]"  [no-any-return]
src/zotify_api/main.py:154: error: Untyped decorator makes function "version" untyped  [misc]
src/zotify_api/main.py:164: error: Untyped decorator makes function "get_schema" untyped  [misc]
src/zotify_api/main.py:174: error: Returning Any from function declared to return "dict[str, Any]"  [no-any-return]
src/zotify_api/main.py:177: error: Returning Any from function declared to return "dict[str, Any]"  [no-any-return]
src/zotify_api/services/logging_service.py:55: error: Function is missing a return type annotation  [no-untyped-def]
src/zotify_api/services/logging_service.py:55: error: Function is missing a type annotation for one or more arguments  [no-untyped-def]
src/zotify_api/services/logging_service.py:73: error: Function is missing a return type annotation  [no-untyped-def]
src/zotify_api/routes/system.py:25: error: Function is missing a return type annotation  [no-untyped-def]
src/zotify_api/routes/system.py:60: error: Function is missing a return type annotation  [no-untyped-def]
src/zotify_api/routes/system.py:60: note: Use "-> None" if function does not return a value
src/zotify_api/routes/system.py:65: error: Function is missing a return type annotation  [no-untyped-def]
src/zotify_api/routes/system.py:65: note: Use "-> None" if function does not return a value
src/zotify_api/routes/system.py:70: error: Function is missing a return type annotation  [no-untyped-def]
src/zotify_api/routes/system.py:70: note: Use "-> None" if function does not return a value
src/zotify_api/routes/system.py:75: error: Function is missing a return type annotation  [no-untyped-def]
src/zotify_api/routes/system.py:75: note: Use "-> None" if function does not return a value
src/zotify_api/routes/system.py:80: error: Function is missing a return type annotation  [no-untyped-def]
src/zotify_api/routes/system.py:80: note: Use "-> None" if function does not return a value
src/zotify_api/routes/system.py:84: error: Function is missing a type annotation  [no-untyped-def]
src/zotify_api/routes/system.py:92: error: Function is missing a return type annotation  [no-untyped-def]
src/zotify_api/routes/system.py:97: error: Call to untyped function "get_human_readable_uptime" in typed context  [no-untyped-call]
src/zotify_api/routes/system.py:103: error: Function is missing a return type annotation  [no-untyped-def]
src/zotify_api/routes/auth.py:17: error: Untyped decorator makes function "provider_login" untyped  [misc]
src/zotify_api/routes/auth.py:18: error: Function is missing a return type annotation  [no-untyped-def]
src/zotify_api/routes/auth.py:27: error: Untyped decorator makes function "provider_callback" untyped  [misc]
src/zotify_api/routes/auth.py:28: error: Function is missing a return type annotation  [no-untyped-def]
src/zotify_api/routes/auth.py:43: error: Untyped decorator makes function "get_status" untyped  [misc]
src/zotify_api/routes/auth.py:48: error: Function is missing a return type annotation  [no-untyped-def]
src/zotify_api/routes/auth.py:53: error: Untyped decorator makes function "logout" untyped  [misc]
src/zotify_api/routes/auth.py:54: error: Function is missing a return type annotation  [no-untyped-def]
src/zotify_api/providers/spotify_connector.py:208: error: Returning Any from function declared to return "dict[str, Any]"  [no-any-return]
src/zotify_api/providers/spotify_connector.py:216: error: Returning Any from function declared to return "dict[str, Any]"  [no-any-return]
src/zotify_api/core/logging_framework/service.py:26: error: Function is missing a return type annotation  [no-untyped-def]
src/zotify_api/core/logging_framework/service.py:32: error: Returning Any from function declared to return "bool"  [no-any-return]
src/zotify_api/core/logging_framework/service.py:38: error: Function is missing a return type annotation  [no-untyped-def]
src/zotify_api/core/logging_framework/service.py:57: error: Function is missing a return type annotation  [no-untyped-def]
src/zotify_api/core/logging_framework/service.py:71: error: Function is missing a return type annotation  [no-untyped-def]
src/zotify_api/core/logging_framework/service.py:83: error: Function is missing a return type annotation  [no-untyped-def]
src/zotify_api/core/logging_framework/service.py:83: note: Use "-> None" if function does not return a value
src/zotify_api/core/logging_framework/service.py:87: error: Function is missing a return type annotation  [no-untyped-def]
src/zotify_api/core/logging_framework/service.py:126: error: Function is missing a return type annotation  [no-untyped-def]
src/zotify_api/core/logging_framework/service.py:146: error: Function is missing a return type annotation  [no-untyped-def]
src/zotify_api/core/logging_framework/service.py:146: error: Function is missing a type annotation for one or more arguments  [no-untyped-def]
src/zotify_api/core/logging_framework/service.py:172: error: Need type annotation for "sinks_to_log" (hint: "sinks_to_log: list[<type>] = ...")  [var-annotated]
src/zotify_api/core/logging_framework/service.py:174: error: Incompatible types in assignment (expression has type "dict_values[str, BaseSink]", variable has type "list[Any]")  [assignment]
src/zotify_api/core/logging_framework/service.py:192: error: Call to untyped function "LoggingService" in typed context  [no-untyped-call]
src/zotify_api/core/error_handler/hooks.py:21: error: Returning Any from function declared to return "str"  [no-any-return]
src/zotify_api/core/error_handler/hooks.py:26: error: Function is missing a return type annotation  [no-untyped-def]
src/zotify_api/core/error_handler/hooks.py:33: error: Untyped decorator makes function "global_exception_handler" untyped  [misc]
src/zotify_api/core/error_handler/hooks.py:34: error: Function is missing a return type annotation  [no-untyped-def]
src/zotify_api/core/error_handler/hooks.py:49: error: Function is missing a return type annotation  [no-untyped-def]
src/zotify_api/core/error_handler/hooks.py:55: error: Function is missing a type annotation  [no-untyped-def]
src/zotify_api/core/error_handler/hooks.py:63: error: Function is missing a type annotation  [no-untyped-def]
src/zotify_api/core/error_handler/triggers.py:20: error: Missing type parameters for generic type "Callable"  [type-arg]
src/zotify_api/core/error_handler/triggers.py:26: error: Missing type parameters for generic type "Callable"  [type-arg]
src/zotify_api/core/error_handler/triggers.py:43: error: Function is missing a return type annotation  [no-untyped-def]
src/zotify_api/core/error_handler/__init__.py:41: error: Function is missing a return type annotation  [no-untyped-def]
src/zotify_api/core/error_handler/__init__.py:41: error: Missing type parameters for generic type "dict"  [type-arg]
src/zotify_api/core/error_handler/__init__.py:50: error: Function is missing a return type annotation  [no-untyped-def]
src/zotify_api/core/error_handler/__init__.py:51: error: Missing type parameters for generic type "dict"  [type-arg]
tests/unit/test_flexible_logging.py:49: error: Untyped decorator makes function "logging_service" untyped  [misc]
tests/unit/test_flexible_logging.py:59: error: Untyped decorator makes function "valid_config" untyped  [misc]
tests/unit/test_flexible_logging.py:62: error: Returning Any from function declared to return "dict[str, Any]"  [no-any-return]
tests/unit/test_flexible_logging.py:65: error: Function is missing a type annotation  [no-untyped-def]
tests/unit/test_flexible_logging.py:73: error: Function is missing a return type annotation  [no-untyped-def]
tests/unit/test_flexible_logging.py:73: note: Use "-> None" if function does not return a value
tests/unit/test_flexible_logging.py:80: error: Function is missing a type annotation  [no-untyped-def]
tests/unit/test_flexible_logging.py:108: error: Function is missing a type annotation  [no-untyped-def]
tests/unit/test_flexible_logging.py:129: error: Function is missing a type annotation  [no-untyped-def]
src/zotify_api/core/logging_framework/__init__.py:6: error: Function is missing a return type annotation  [no-untyped-def]
src/zotify_api/core/logging_framework/__init__.py:6: error: Function is missing a type annotation for one or more arguments  [no-untyped-def]
Found 529 errors in 94 files (checked 113 source files)
